Error: cannot read file 'stdlib/obj/${TYPE}/abs'
Error: cannot read file 'stdlib/obj/${TYPE}/atexit'
Error: cannot read file 'stdlib/obj/${TYPE}/atoi'
Error: cannot read file 'stdlib/obj/${TYPE}/atol'
Error: cannot read file 'stdlib/obj/${TYPE}/bpeek'
Error: cannot read file 'stdlib/obj/${TYPE}/bpoke'
Error: cannot read file 'stdlib/obj/${TYPE}/bpoke_callee'
Error: cannot read file 'stdlib/obj/${TYPE}/exit'
Error: cannot read file 'stdlib/obj/${TYPE}/extract_bits'
Error: cannot read file 'stdlib/obj/${TYPE}/extract_bits_callee'
Error: cannot read file 'stdlib/obj/${TYPE}/extract_bits_sub'
Error: cannot read file 'stdlib/obj/${TYPE}/inp'
Error: cannot read file 'stdlib/obj/${TYPE}/isqrt'
Error: cannot read file 'stdlib/obj/${TYPE}/itoa'
Error: cannot read file 'stdlib/obj/${TYPE}/itoa_callee'
Error: cannot read file 'stdlib/obj/${TYPE}/l_bsearch'
Error: cannot read file 'stdlib/obj/${TYPE}/l_bsearch_callee'
Error: cannot read file 'stdlib/obj/${TYPE}/l_qsort'
Error: cannot read file 'stdlib/obj/${TYPE}/l_qsort_callee'
Error: cannot read file 'stdlib/obj/${TYPE}/labs'
Error: cannot read file 'stdlib/obj/${TYPE}/labs_callee'
Error: cannot read file 'stdlib/obj/${TYPE}/Lbsearch'
Error: cannot read file 'stdlib/obj/${TYPE}/Lqsort'
Error: cannot read file 'stdlib/obj/${TYPE}/ltoa'
Error: cannot read file 'stdlib/obj/${TYPE}/ltoa_callee'
Error: cannot read file 'stdlib/obj/${TYPE}/outp'
Error: cannot read file 'stdlib/obj/${TYPE}/outp_callee'
Error: cannot read file 'stdlib/obj/${TYPE}/qsort_sccz80'
Error: cannot read file 'stdlib/obj/${TYPE}/qsort_sccz80_callee'
Error: cannot read file 'stdlib/obj/${TYPE}/qsort_sdcc'
Error: cannot read file 'stdlib/obj/${TYPE}/qsort_sdcc_callee'
Error: cannot read file 'stdlib/obj/${TYPE}/rand'
Error: cannot read file 'stdlib/obj/${TYPE}/randomize'
Error: cannot read file 'stdlib/obj/${TYPE}/strtol'
Error: cannot read file 'stdlib/obj/${TYPE}/strtol_callee'
Error: cannot read file 'stdlib/obj/${TYPE}/strtoul'
Error: cannot read file 'stdlib/obj/${TYPE}/swapendian'
Error: cannot read file 'stdlib/obj/${TYPE}/ultoa'
Error: cannot read file 'stdlib/obj/${TYPE}/ultoa_callee'
Error: cannot read file 'stdlib/obj/${TYPE}/utoa'
Error: cannot read file 'stdlib/obj/${TYPE}/utoa_callee'
Error: cannot read file 'stdlib/obj/${TYPE}/wpeek'
Error: cannot read file 'stdlib/obj/${TYPE}/wpoke'
Error: cannot read file 'stdlib/obj/${TYPE}/wpoke_callee'
Error: cannot read file 'stdlib/obj/${TYPE}/getopt'
Error: cannot read file 'stdlib/obj/${TARGET}/delay'
Error: cannot read file 'stdlib/obj/${TYPE}/t_delay'
Error: cannot read file 'stdlib/obj/${TARGET}/sleep'
Error: cannot read file 'stdlib/obj/${TARGET}/csleep'
Error: cannot read file 'stdlib/obj/${TYPE}/wcmatch'
Error: cannot read file 'stdlib/obj/${TYPE}/unbcd'
Error: cannot read file 'stdio_new/error/stdio_error_zc'
Error: cannot read file 'stdio_new/general/stdio_basechar'
Error: cannot read file 'stdio_new/general/stdio_atou'
Error: cannot read file 'stdio_new/general/stdio_ultoa_any'
Error: cannot read file 'stdio_new/general/stdio_utoa_any'
Error: cannot read file 'strings/obj/${TYPE}/bcmp'
Error: cannot read file 'strings/obj/${TYPE}/bcopy'
Error: cannot read file 'strings/obj/${TYPE}/bzero'
Error: cannot read file 'strings/obj/${TYPE}/index'
Error: cannot read file 'strings/obj/${TYPE}/memchr'
Error: cannot read file 'strings/obj/${TYPE}/memchr_callee'
Error: cannot read file 'strings/obj/${TYPE}/memcmp'
Error: cannot read file 'strings/obj/${TYPE}/memcmp_callee'
Error: cannot read file 'strings/obj/${TYPE}/memcpy'
Error: cannot read file 'strings/obj/${TYPE}/memcpy_callee'
Error: cannot read file 'strings/obj/${TYPE}/memmove'
Error: cannot read file 'strings/obj/${TYPE}/memmove_callee'
Error: cannot read file 'strings/obj/${TYPE}/memopd'
Error: cannot read file 'strings/obj/${TYPE}/memopd_callee'
Error: cannot read file 'strings/obj/${TYPE}/memopi'
Error: cannot read file 'strings/obj/${TYPE}/memopi_callee'
Error: cannot read file 'strings/obj/${TYPE}/memops'
Error: cannot read file 'strings/obj/${TYPE}/memrchr'
Error: cannot read file 'strings/obj/${TYPE}/memrchr_callee'
Error: cannot read file 'strings/obj/${TYPE}/memset'
Error: cannot read file 'strings/obj/${TYPE}/memset_callee'
Error: cannot read file 'strings/obj/${TYPE}/memswap'
Error: cannot read file 'strings/obj/${TYPE}/memswap_callee'
Error: cannot read file 'strings/obj/${TYPE}/rindex'
Error: cannot read file 'strings/obj/${TYPE}/strcasecmp'
Error: cannot read file 'strings/obj/${TYPE}/strcat'
Error: cannot read file 'strings/obj/${TYPE}/strcat_callee'
Error: cannot read file 'strings/obj/${TYPE}/strchr'
Error: cannot read file 'strings/obj/${TYPE}/strchr_callee'
Error: cannot read file 'strings/obj/${TYPE}/strchrnul'
Error: cannot read file 'strings/obj/${TYPE}/strchrnul_callee'
Error: cannot read file 'strings/obj/${TYPE}/strcmp'
Error: cannot read file 'strings/obj/${TYPE}/strcmp_callee'
Error: cannot read file 'strings/obj/${TYPE}/strcpy'
Error: cannot read file 'strings/obj/${TYPE}/strcpy_callee'
Error: cannot read file 'strings/obj/${TYPE}/strcspn'
Error: cannot read file 'strings/obj/${TYPE}/strcspn_callee'
Error: cannot read file 'strings/obj/${TYPE}/stricmp'
Error: cannot read file 'strings/obj/${TYPE}/stricmp_callee'
Error: cannot read file 'strings/obj/${TYPE}/strlcat'
Error: cannot read file 'strings/obj/${TYPE}/strlcat_callee'
Error: cannot read file 'strings/obj/${TYPE}/strlcpy'
Error: cannot read file 'strings/obj/${TYPE}/strlcpy_callee'
Error: cannot read file 'strings/obj/${TYPE}/strlen'
Error: cannot read file 'strings/obj/${TYPE}/strlwr'
Error: cannot read file 'strings/obj/${TYPE}/strncasecmp'
Error: cannot read file 'strings/obj/${TYPE}/strncat'
Error: cannot read file 'strings/obj/${TYPE}/strncat_callee'
Error: cannot read file 'strings/obj/${TYPE}/strncmp'
Error: cannot read file 'strings/obj/${TYPE}/strncmp_callee'
Error: cannot read file 'strings/obj/${TYPE}/strncpy'
Error: cannot read file 'strings/obj/${TYPE}/strncpy_callee'
Error: cannot read file 'strings/obj/${TYPE}/strnicmp'
Error: cannot read file 'strings/obj/${TYPE}/strnicmp_callee'
Error: cannot read file 'strings/obj/${TYPE}/strpbrk'
Error: cannot read file 'strings/obj/${TYPE}/strpbrk_callee'
Error: cannot read file 'strings/obj/${TYPE}/strpos'
Error: cannot read file 'strings/obj/${TYPE}/strpos_callee'
Error: cannot read file 'strings/obj/${TYPE}/strrchr'
Error: cannot read file 'strings/obj/${TYPE}/strrchr_callee'
Error: cannot read file 'strings/obj/${TYPE}/strrev'
Error: cannot read file 'strings/obj/${TYPE}/strrstr'
Error: cannot read file 'strings/obj/${TYPE}/strrstr_callee'
Error: cannot read file 'strings/obj/${TYPE}/strrstrip'
Error: cannot read file 'strings/obj/${TYPE}/strrstrip_callee'
Error: cannot read file 'strings/obj/${TYPE}/strsep'
Error: cannot read file 'strings/obj/${TYPE}/strsep_callee'
Error: cannot read file 'strings/obj/${TYPE}/strspn'
Error: cannot read file 'strings/obj/${TYPE}/strspn_callee'
Error: cannot read file 'strings/obj/${TYPE}/strstr'
Error: cannot read file 'strings/obj/${TYPE}/strstr_callee'
Error: cannot read file 'strings/obj/${TYPE}/strstrip'
Error: cannot read file 'strings/obj/${TYPE}/strstrip_callee'
Error: cannot read file 'strings/obj/${TYPE}/strtok'
Error: cannot read file 'strings/obj/${TYPE}/strtok_callee'
Error: cannot read file 'strings/obj/${TYPE}/strtok_r'
Error: cannot read file 'strings/obj/${TYPE}/strtok_r_callee'
Error: cannot read file 'strings/obj/${TYPE}/strupr'
Error: cannot read file 'regex/obj/${TYPE}/regsub'
Error: cannot read file 'regex/obj/${TYPE}/regexp'
Error: cannot read file 'regex/obj/${TYPE}/regerror'
Error: cannot read file 'stdio/ansi/ansifont_f3'
Error: cannot read file 'stdio/ansi/ansifont_f4'
Error: cannot read file 'stdio/ansi/ansifont_f4pack'
Error: cannot read file 'stdio/ansi/ansifont_f5'
Error: cannot read file 'stdio/ansi/ansifont_f6'
Error: cannot read file 'stdio/ansi/ansifont_f8'
Error: cannot read file 'compress/zx7/obj/${TYPE}/dzx7_agile_rcs'
Error: cannot read file 'compress/zx7/obj/${TYPE}/dzx7_agile_rcs_callee'
Error: cannot read file 'compress/zx7/obj/${TYPE}/dzx7_agile_rcs_back'
Error: cannot read file 'compress/zx7/obj/${TYPE}/dzx7_agile_rcs_back_callee'
Error: cannot read file 'compress/zx7/obj/${TYPE}/dzx7_mega'
Error: cannot read file 'compress/zx7/obj/${TYPE}/dzx7_mega_callee'
Error: cannot read file 'compress/zx7/obj/${TYPE}/dzx7_mega_back'
Error: cannot read file 'compress/zx7/obj/${TYPE}/dzx7_mega_back_callee'
Error: cannot read file 'compress/zx7/obj/${TYPE}/dzx7_smart_rcs'
Error: cannot read file 'compress/zx7/obj/${TYPE}/dzx7_smart_rcs_callee'
Error: cannot read file 'compress/zx7/obj/${TYPE}/dzx7_smart_rcs_back'
Error: cannot read file 'compress/zx7/obj/${TYPE}/dzx7_smart_rcs_back_callee'
Error: cannot read file 'compress/zx7/obj/${TYPE}/dzx7_standard'
Error: cannot read file 'compress/zx7/obj/${TYPE}/dzx7_standard_callee'
Error: cannot read file 'compress/zx7/obj/${TYPE}/dzx7_standard_back'
Error: cannot read file 'compress/zx7/obj/${TYPE}/dzx7_standard_back_callee'
Error: cannot read file 'compress/zx7/obj/${TYPE}/dzx7_turbo'
Error: cannot read file 'compress/zx7/obj/${TYPE}/dzx7_turbo_callee'
Error: cannot read file 'compress/zx7/obj/${TYPE}/dzx7_turbo_back'
Error: cannot read file 'compress/zx7/obj/${TYPE}/dzx7_turbo_back_callee'
Error: cannot read file 'compress/zx7/obj/${TYPE}/asm_dzx7_agile_rcs'
Error: cannot read file 'compress/zx7/obj/${TYPE}/asm_dzx7_agile_rcs_back'
Error: cannot read file 'compress/zx7/obj/${TYPE}/asm_dzx7_mega'
Error: cannot read file 'compress/zx7/obj/${TYPE}/asm_dzx7_mega_back'
Error: cannot read file 'compress/zx7/obj/${TYPE}/asm_dzx7_smart_rcs'
Error: cannot read file 'compress/zx7/obj/${TYPE}/asm_dzx7_smart_rcs_back'
Error: cannot read file 'compress/zx7/obj/${TYPE}/asm_dzx7_standard'
Error: cannot read file 'compress/zx7/obj/${TYPE}/asm_dzx7_standard_back'
Error: cannot read file 'compress/zx7/obj/${TYPE}/asm_dzx7_turbo'
Error: cannot read file 'compress/zx7/obj/${TYPE}/asm_dzx7_turbo_back'
Error: cannot read file '_DEVELOPMENT/stdlib/z80/asm_lltoa'
Error: cannot read file '_DEVELOPMENT/stdlib/z80/asm_ulltoa'
Error: cannot read file '_DEVELOPMENT/stdlib/z80/asm_strtoll'
Error: cannot read file '_DEVELOPMENT/stdlib/z80/asm_strtoull'
Error: cannot read file '_DEVELOPMENT/stdlib/c/sdcc_ix/strtoull'
Error: cannot read file '_DEVELOPMENT/stdlib/c/sdcc_ix/strtoull_callee'
Error: cannot read file '_DEVELOPMENT/stdlib/c/sdcc_ix/strtoll'
Error: cannot read file '_DEVELOPMENT/stdlib/c/sdcc_ix/strtoll_callee'
Error: cannot read file '_DEVELOPMENT/stdlib/c/sdcc_ix/ulltoa'
Error: cannot read file '_DEVELOPMENT/stdlib/c/sdcc_ix/ulltoa_callee'
Error: cannot read file '_DEVELOPMENT/stdlib/c/sdcc_ix/lltoa'
Error: cannot read file '_DEVELOPMENT/stdlib/c/sdcc_ix/lltoa_callee'
Error: cannot read file '_DEVELOPMENT/stdlib/c/sdcc_ix/atoll'
Error: cannot read file '_DEVELOPMENT/stdlib/c/sdcc_ix/atoll_callee'
Error: cannot read file '_DEVELOPMENT/l/z80/ascii/l_valid_base'
Error: cannot read file '_DEVELOPMENT/l/z80/ascii/l_num2char'
Error: cannot read file 'stdlib/obj/${TYPE}/abs'
Error: cannot read file 'stdlib/obj/${TYPE}/atexit'
Error: cannot read file 'stdlib/obj/${TYPE}/atoi'
Error: cannot read file 'stdlib/obj/${TYPE}/atol'
Error: cannot read file 'stdlib/obj/${TYPE}/bpeek'
Error: cannot read file 'stdlib/obj/${TYPE}/bpoke'
Error: cannot read file 'stdlib/obj/${TYPE}/bpoke_callee'
Error: cannot read file 'stdlib/obj/${TYPE}/exit'
Error: cannot read file 'stdlib/obj/${TYPE}/extract_bits'
Error: cannot read file 'stdlib/obj/${TYPE}/extract_bits_callee'
Error: cannot read file 'stdlib/obj/${TYPE}/extract_bits_sub'
Error: cannot read file 'stdlib/obj/${TYPE}/inp'
Error: cannot read file 'stdlib/obj/${TYPE}/isqrt'
Error: cannot read file 'stdlib/obj/${TYPE}/itoa'
Error: cannot read file 'stdlib/obj/${TYPE}/itoa_callee'
Error: cannot read file 'stdlib/obj/${TYPE}/l_bsearch'
Error: cannot read file 'stdlib/obj/${TYPE}/l_bsearch_callee'
Error: cannot read file 'stdlib/obj/${TYPE}/l_qsort'
Error: cannot read file 'stdlib/obj/${TYPE}/l_qsort_callee'
Error: cannot read file 'stdlib/obj/${TYPE}/labs'
Error: cannot read file 'stdlib/obj/${TYPE}/labs_callee'
Error: cannot read file 'stdlib/obj/${TYPE}/Lbsearch'
Error: cannot read file 'stdlib/obj/${TYPE}/Lqsort'
Error: cannot read file 'stdlib/obj/${TYPE}/ltoa'
Error: cannot read file 'stdlib/obj/${TYPE}/ltoa_callee'
Error: cannot read file 'stdlib/obj/${TYPE}/outp'
Error: cannot read file 'stdlib/obj/${TYPE}/outp_callee'
Error: cannot read file 'stdlib/obj/${TYPE}/qsort_sccz80'
Error: cannot read file 'stdlib/obj/${TYPE}/qsort_sccz80_callee'
Error: cannot read file 'stdlib/obj/${TYPE}/qsort_sdcc'
Error: cannot read file 'stdlib/obj/${TYPE}/qsort_sdcc_callee'
Error: cannot read file 'stdlib/obj/${TYPE}/rand'
Error: cannot read file 'stdlib/obj/${TYPE}/randomize'
Error: cannot read file 'stdlib/obj/${TYPE}/strtol'
Error: cannot read file 'stdlib/obj/${TYPE}/strtol_callee'
Error: cannot read file 'stdlib/obj/${TYPE}/strtoul'
Error: cannot read file 'stdlib/obj/${TYPE}/swapendian'
Error: cannot read file 'stdlib/obj/${TYPE}/ultoa'
Error: cannot read file 'stdlib/obj/${TYPE}/ultoa_callee'
Error: cannot read file 'stdlib/obj/${TYPE}/utoa'
Error: cannot read file 'stdlib/obj/${TYPE}/utoa_callee'
Error: cannot read file 'stdlib/obj/${TYPE}/wpeek'
Error: cannot read file 'stdlib/obj/${TYPE}/wpoke'
Error: cannot read file 'stdlib/obj/${TYPE}/wpoke_callee'
Error: cannot read file 'stdlib/obj/${TYPE}/getopt'
Error: cannot read file 'stdlib/obj/${TARGET}/delay'
Error: cannot read file 'stdlib/obj/${TYPE}/t_delay'
Error: cannot read file 'stdlib/obj/${TARGET}/sleep'
Error: cannot read file 'stdlib/obj/${TARGET}/csleep'
Error: cannot read file 'stdlib/obj/${TYPE}/wcmatch'
Error: cannot read file 'stdlib/obj/${TYPE}/unbcd'
Error: cannot read file 'stdio_new/error/stdio_error_zc'
Error: cannot read file 'stdio_new/general/stdio_basechar'
Error: cannot read file 'stdio_new/general/stdio_atou'
Error: cannot read file 'stdio_new/general/stdio_ultoa_any'
Error: cannot read file 'stdio_new/general/stdio_utoa_any'
Error: cannot read file 'strings/obj/${TYPE}/bcmp'
Error: cannot read file 'strings/obj/${TYPE}/bcopy'
Error: cannot read file 'strings/obj/${TYPE}/bzero'
Error: cannot read file 'strings/obj/${TYPE}/index'
Error: cannot read file 'strings/obj/${TYPE}/memchr'
Error: cannot read file 'strings/obj/${TYPE}/memchr_callee'
Error: cannot read file 'strings/obj/${TYPE}/memcmp'
Error: cannot read file 'strings/obj/${TYPE}/memcmp_callee'
Error: cannot read file 'strings/obj/${TYPE}/memcpy'
Error: cannot read file 'strings/obj/${TYPE}/memcpy_callee'
Error: cannot read file 'strings/obj/${TYPE}/memmove'
Error: cannot read file 'strings/obj/${TYPE}/memmove_callee'
Error: cannot read file 'strings/obj/${TYPE}/memopd'
Error: cannot read file 'strings/obj/${TYPE}/memopd_callee'
Error: cannot read file 'strings/obj/${TYPE}/memopi'
Error: cannot read file 'strings/obj/${TYPE}/memopi_callee'
Error: cannot read file 'strings/obj/${TYPE}/memops'
Error: cannot read file 'strings/obj/${TYPE}/memrchr'
Error: cannot read file 'strings/obj/${TYPE}/memrchr_callee'
Error: cannot read file 'strings/obj/${TYPE}/memset'
Error: cannot read file 'strings/obj/${TYPE}/memset_callee'
Error: cannot read file 'strings/obj/${TYPE}/memswap'
Error: cannot read file 'strings/obj/${TYPE}/memswap_callee'
Error: cannot read file 'strings/obj/${TYPE}/rindex'
Error: cannot read file 'strings/obj/${TYPE}/strcasecmp'
Error: cannot read file 'strings/obj/${TYPE}/strcat'
Error: cannot read file 'strings/obj/${TYPE}/strcat_callee'
Error: cannot read file 'strings/obj/${TYPE}/strchr'
Error: cannot read file 'strings/obj/${TYPE}/strchr_callee'
Error: cannot read file 'strings/obj/${TYPE}/strchrnul'
Error: cannot read file 'strings/obj/${TYPE}/strchrnul_callee'
Error: cannot read file 'strings/obj/${TYPE}/strcmp'
Error: cannot read file 'strings/obj/${TYPE}/strcmp_callee'
Error: cannot read file 'strings/obj/${TYPE}/strcpy'
Error: cannot read file 'strings/obj/${TYPE}/strcpy_callee'
Error: cannot read file 'strings/obj/${TYPE}/strcspn'
Error: cannot read file 'strings/obj/${TYPE}/strcspn_callee'
Error: cannot read file 'strings/obj/${TYPE}/stricmp'
Error: cannot read file 'strings/obj/${TYPE}/stricmp_callee'
Error: cannot read file 'strings/obj/${TYPE}/strlcat'
Error: cannot read file 'strings/obj/${TYPE}/strlcat_callee'
Error: cannot read file 'strings/obj/${TYPE}/strlcpy'
Error: cannot read file 'strings/obj/${TYPE}/strlcpy_callee'
Error: cannot read file 'strings/obj/${TYPE}/strlen'
Error: cannot read file 'strings/obj/${TYPE}/strlwr'
Error: cannot read file 'strings/obj/${TYPE}/strncasecmp'
Error: cannot read file 'strings/obj/${TYPE}/strncat'
Error: cannot read file 'strings/obj/${TYPE}/strncat_callee'
Error: cannot read file 'strings/obj/${TYPE}/strncmp'
Error: cannot read file 'strings/obj/${TYPE}/strncmp_callee'
Error: cannot read file 'strings/obj/${TYPE}/strncpy'
Error: cannot read file 'strings/obj/${TYPE}/strncpy_callee'
Error: cannot read file 'strings/obj/${TYPE}/strnicmp'
Error: cannot read file 'strings/obj/${TYPE}/strnicmp_callee'
Error: cannot read file 'strings/obj/${TYPE}/strpbrk'
Error: cannot read file 'strings/obj/${TYPE}/strpbrk_callee'
Error: cannot read file 'strings/obj/${TYPE}/strpos'
Error: cannot read file 'strings/obj/${TYPE}/strpos_callee'
Error: cannot read file 'strings/obj/${TYPE}/strrchr'
Error: cannot read file 'strings/obj/${TYPE}/strrchr_callee'
Error: cannot read file 'strings/obj/${TYPE}/strrev'
Error: cannot read file 'strings/obj/${TYPE}/strrstr'
Error: cannot read file 'strings/obj/${TYPE}/strrstr_callee'
Error: cannot read file 'strings/obj/${TYPE}/strrstrip'
Error: cannot read file 'strings/obj/${TYPE}/strrstrip_callee'
Error: cannot read file 'strings/obj/${TYPE}/strsep'
Error: cannot read file 'strings/obj/${TYPE}/strsep_callee'
Error: cannot read file 'strings/obj/${TYPE}/strspn'
Error: cannot read file 'strings/obj/${TYPE}/strspn_callee'
Error: cannot read file 'strings/obj/${TYPE}/strstr'
Error: cannot read file 'strings/obj/${TYPE}/strstr_callee'
Error: cannot read file 'strings/obj/${TYPE}/strstrip'
Error: cannot read file 'strings/obj/${TYPE}/strstrip_callee'
Error: cannot read file 'strings/obj/${TYPE}/strtok'
Error: cannot read file 'strings/obj/${TYPE}/strtok_callee'
Error: cannot read file 'strings/obj/${TYPE}/strtok_r'
Error: cannot read file 'strings/obj/${TYPE}/strtok_r_callee'
Error: cannot read file 'strings/obj/${TYPE}/strupr'
Error: cannot read file 'regex/obj/${TYPE}/regsub'
Error: cannot read file 'regex/obj/${TYPE}/regexp'
Error: cannot read file 'regex/obj/${TYPE}/regerror'
Error: cannot read file 'stdio/ansi/ansifont_f3'
Error: cannot read file 'stdio/ansi/ansifont_f4'
Error: cannot read file 'stdio/ansi/ansifont_f4pack'
Error: cannot read file 'stdio/ansi/ansifont_f5'
Error: cannot read file 'stdio/ansi/ansifont_f6'
Error: cannot read file 'stdio/ansi/ansifont_f8'
Error: cannot read file 'compress/zx7/obj/${TYPE}/dzx7_agile_rcs'
Error: cannot read file 'compress/zx7/obj/${TYPE}/dzx7_agile_rcs_callee'
Error: cannot read file 'compress/zx7/obj/${TYPE}/dzx7_agile_rcs_back'
Error: cannot read file 'compress/zx7/obj/${TYPE}/dzx7_agile_rcs_back_callee'
Error: cannot read file 'compress/zx7/obj/${TYPE}/dzx7_mega'
Error: cannot read file 'compress/zx7/obj/${TYPE}/dzx7_mega_callee'
Error: cannot read file 'compress/zx7/obj/${TYPE}/dzx7_mega_back'
Error: cannot read file 'compress/zx7/obj/${TYPE}/dzx7_mega_back_callee'
Error: cannot read file 'compress/zx7/obj/${TYPE}/dzx7_smart_rcs'
Error: cannot read file 'compress/zx7/obj/${TYPE}/dzx7_smart_rcs_callee'
Error: cannot read file 'compress/zx7/obj/${TYPE}/dzx7_smart_rcs_back'
Error: cannot read file 'compress/zx7/obj/${TYPE}/dzx7_smart_rcs_back_callee'
Error: cannot read file 'compress/zx7/obj/${TYPE}/dzx7_standard'
Error: cannot read file 'compress/zx7/obj/${TYPE}/dzx7_standard_callee'
Error: cannot read file 'compress/zx7/obj/${TYPE}/dzx7_standard_back'
Error: cannot read file 'compress/zx7/obj/${TYPE}/dzx7_standard_back_callee'
Error: cannot read file 'compress/zx7/obj/${TYPE}/dzx7_turbo'
Error: cannot read file 'compress/zx7/obj/${TYPE}/dzx7_turbo_callee'
Error: cannot read file 'compress/zx7/obj/${TYPE}/dzx7_turbo_back'
Error: cannot read file 'compress/zx7/obj/${TYPE}/dzx7_turbo_back_callee'
Error: cannot read file 'compress/zx7/obj/${TYPE}/asm_dzx7_agile_rcs'
Error: cannot read file 'compress/zx7/obj/${TYPE}/asm_dzx7_agile_rcs_back'
Error: cannot read file 'compress/zx7/obj/${TYPE}/asm_dzx7_mega'
Error: cannot read file 'compress/zx7/obj/${TYPE}/asm_dzx7_mega_back'
Error: cannot read file 'compress/zx7/obj/${TYPE}/asm_dzx7_smart_rcs'
Error: cannot read file 'compress/zx7/obj/${TYPE}/asm_dzx7_smart_rcs_back'
Error: cannot read file 'compress/zx7/obj/${TYPE}/asm_dzx7_standard'
Error: cannot read file 'compress/zx7/obj/${TYPE}/asm_dzx7_standard_back'
Error: cannot read file 'compress/zx7/obj/${TYPE}/asm_dzx7_turbo'
Error: cannot read file 'compress/zx7/obj/${TYPE}/asm_dzx7_turbo_back'
Error: cannot read file 'stdlib/obj/${TYPE}/abs'
Error: cannot read file 'stdlib/obj/${TYPE}/atexit'
Error: cannot read file 'stdlib/obj/${TYPE}/atoi'
Error: cannot read file 'stdlib/obj/${TYPE}/atol'
Error: cannot read file 'stdlib/obj/${TYPE}/bpeek'
Error: cannot read file 'stdlib/obj/${TYPE}/bpoke'
Error: cannot read file 'stdlib/obj/${TYPE}/bpoke_callee'
Error: cannot read file 'stdlib/obj/${TYPE}/exit'
Error: cannot read file 'stdlib/obj/${TYPE}/extract_bits'
Error: cannot read file 'stdlib/obj/${TYPE}/extract_bits_callee'
Error: cannot read file 'stdlib/obj/${TYPE}/extract_bits_sub'
Error: cannot read file 'stdlib/obj/${TYPE}/inp'
Error: cannot read file 'stdlib/obj/${TYPE}/isqrt'
Error: cannot read file 'stdlib/obj/${TYPE}/itoa'
Error: cannot read file 'stdlib/obj/${TYPE}/itoa_callee'
Error: cannot read file 'stdlib/obj/${TYPE}/l_bsearch'
Error: cannot read file 'stdlib/obj/${TYPE}/l_bsearch_callee'
Error: cannot read file 'stdlib/obj/${TYPE}/l_qsort'
Error: cannot read file 'stdlib/obj/${TYPE}/l_qsort_callee'
Error: cannot read file 'stdlib/obj/${TYPE}/labs'
Error: cannot read file 'stdlib/obj/${TYPE}/labs_callee'
Error: cannot read file 'stdlib/obj/${TYPE}/Lbsearch'
Error: cannot read file 'stdlib/obj/${TYPE}/Lqsort'
Error: cannot read file 'stdlib/obj/${TYPE}/ltoa'
Error: cannot read file 'stdlib/obj/${TYPE}/ltoa_callee'
Error: cannot read file 'stdlib/obj/${TYPE}/outp'
Error: cannot read file 'stdlib/obj/${TYPE}/outp_callee'
Error: cannot read file 'stdlib/obj/${TYPE}/qsort_sccz80'
Error: cannot read file 'stdlib/obj/${TYPE}/qsort_sccz80_callee'
Error: cannot read file 'stdlib/obj/${TYPE}/qsort_sdcc'
Error: cannot read file 'stdlib/obj/${TYPE}/qsort_sdcc_callee'
Error: cannot read file 'stdlib/obj/${TYPE}/rand'
Error: cannot read file 'stdlib/obj/${TYPE}/randomize'
Error: cannot read file 'stdlib/obj/${TYPE}/strtol'
Error: cannot read file 'stdlib/obj/${TYPE}/strtol_callee'
Error: cannot read file 'stdlib/obj/${TYPE}/strtoul'
Error: cannot read file 'stdlib/obj/${TYPE}/swapendian'
Error: cannot read file 'stdlib/obj/${TYPE}/ultoa'
Error: cannot read file 'stdlib/obj/${TYPE}/ultoa_callee'
Error: cannot read file 'stdlib/obj/${TYPE}/utoa'
Error: cannot read file 'stdlib/obj/${TYPE}/utoa_callee'
Error: cannot read file 'stdlib/obj/${TYPE}/wpeek'
Error: cannot read file 'stdlib/obj/${TYPE}/wpoke'
Error: cannot read file 'stdlib/obj/${TYPE}/wpoke_callee'
Error: cannot read file 'stdlib/obj/${TYPE}/getopt'
Error: cannot read file 'stdlib/obj/${TARGET}/delay'
Error: cannot read file 'stdlib/obj/${TYPE}/t_delay'
Error: cannot read file 'stdlib/obj/${TARGET}/sleep'
Error: cannot read file 'stdlib/obj/${TARGET}/csleep'
Error: cannot read file 'stdlib/obj/${TYPE}/wcmatch'
Error: cannot read file 'stdlib/obj/${TYPE}/unbcd'
Error: cannot read file 'stdio_new/error/stdio_error_zc'
Error: cannot read file 'stdio_new/general/stdio_basechar'
Error: cannot read file 'stdio_new/general/stdio_atou'
Error: cannot read file 'stdio_new/general/stdio_ultoa_any'
Error: cannot read file 'stdio_new/general/stdio_utoa_any'
Error: cannot read file 'strings/obj/${TYPE}/bcmp'
Error: cannot read file 'strings/obj/${TYPE}/bcopy'
Error: cannot read file 'strings/obj/${TYPE}/bzero'
Error: cannot read file 'strings/obj/${TYPE}/index'
Error: cannot read file 'strings/obj/${TYPE}/memchr'
Error: cannot read file 'strings/obj/${TYPE}/memchr_callee'
Error: cannot read file 'strings/obj/${TYPE}/memcmp'
Error: cannot read file 'strings/obj/${TYPE}/memcmp_callee'
Error: cannot read file 'strings/obj/${TYPE}/memcpy'
Error: cannot read file 'strings/obj/${TYPE}/memcpy_callee'
Error: cannot read file 'strings/obj/${TYPE}/memmove'
Error: cannot read file 'strings/obj/${TYPE}/memmove_callee'
Error: cannot read file 'strings/obj/${TYPE}/memopd'
Error: cannot read file 'strings/obj/${TYPE}/memopd_callee'
Error: cannot read file 'strings/obj/${TYPE}/memopi'
Error: cannot read file 'strings/obj/${TYPE}/memopi_callee'
Error: cannot read file 'strings/obj/${TYPE}/memops'
Error: cannot read file 'strings/obj/${TYPE}/memrchr'
Error: cannot read file 'strings/obj/${TYPE}/memrchr_callee'
Error: cannot read file 'strings/obj/${TYPE}/memset'
Error: cannot read file 'strings/obj/${TYPE}/memset_callee'
Error: cannot read file 'strings/obj/${TYPE}/memswap'
Error: cannot read file 'strings/obj/${TYPE}/memswap_callee'
Error: cannot read file 'strings/obj/${TYPE}/rindex'
Error: cannot read file 'strings/obj/${TYPE}/strcasecmp'
Error: cannot read file 'strings/obj/${TYPE}/strcat'
Error: cannot read file 'strings/obj/${TYPE}/strcat_callee'
Error: cannot read file 'strings/obj/${TYPE}/strchr'
Error: cannot read file 'strings/obj/${TYPE}/strchr_callee'
Error: cannot read file 'strings/obj/${TYPE}/strchrnul'
Error: cannot read file 'strings/obj/${TYPE}/strchrnul_callee'
Error: cannot read file 'strings/obj/${TYPE}/strcmp'
Error: cannot read file 'strings/obj/${TYPE}/strcmp_callee'
Error: cannot read file 'strings/obj/${TYPE}/strcpy'
Error: cannot read file 'strings/obj/${TYPE}/strcpy_callee'
Error: cannot read file 'strings/obj/${TYPE}/strcspn'
Error: cannot read file 'strings/obj/${TYPE}/strcspn_callee'
Error: cannot read file 'strings/obj/${TYPE}/stricmp'
Error: cannot read file 'strings/obj/${TYPE}/stricmp_callee'
Error: cannot read file 'strings/obj/${TYPE}/strlcat'
Error: cannot read file 'strings/obj/${TYPE}/strlcat_callee'
Error: cannot read file 'strings/obj/${TYPE}/strlcpy'
Error: cannot read file 'strings/obj/${TYPE}/strlcpy_callee'
Error: cannot read file 'strings/obj/${TYPE}/strlen'
Error: cannot read file 'strings/obj/${TYPE}/strlwr'
Error: cannot read file 'strings/obj/${TYPE}/strncasecmp'
Error: cannot read file 'strings/obj/${TYPE}/strncat'
Error: cannot read file 'strings/obj/${TYPE}/strncat_callee'
Error: cannot read file 'strings/obj/${TYPE}/strncmp'
Error: cannot read file 'strings/obj/${TYPE}/strncmp_callee'
Error: cannot read file 'strings/obj/${TYPE}/strncpy'
Error: cannot read file 'strings/obj/${TYPE}/strncpy_callee'
Error: cannot read file 'strings/obj/${TYPE}/strnicmp'
Error: cannot read file 'strings/obj/${TYPE}/strnicmp_callee'
Error: cannot read file 'strings/obj/${TYPE}/strpbrk'
Error: cannot read file 'strings/obj/${TYPE}/strpbrk_callee'
Error: cannot read file 'strings/obj/${TYPE}/strpos'
Error: cannot read file 'strings/obj/${TYPE}/strpos_callee'
Error: cannot read file 'strings/obj/${TYPE}/strrchr'
Error: cannot read file 'strings/obj/${TYPE}/strrchr_callee'
Error: cannot read file 'strings/obj/${TYPE}/strrev'
Error: cannot read file 'strings/obj/${TYPE}/strrstr'
Error: cannot read file 'strings/obj/${TYPE}/strrstr_callee'
Error: cannot read file 'strings/obj/${TYPE}/strrstrip'
Error: cannot read file 'strings/obj/${TYPE}/strrstrip_callee'
Error: cannot read file 'strings/obj/${TYPE}/strsep'
Error: cannot read file 'strings/obj/${TYPE}/strsep_callee'
Error: cannot read file 'strings/obj/${TYPE}/strspn'
Error: cannot read file 'strings/obj/${TYPE}/strspn_callee'
Error: cannot read file 'strings/obj/${TYPE}/strstr'
Error: cannot read file 'strings/obj/${TYPE}/strstr_callee'
Error: cannot read file 'strings/obj/${TYPE}/strstrip'
Error: cannot read file 'strings/obj/${TYPE}/strstrip_callee'
Error: cannot read file 'strings/obj/${TYPE}/strtok'
Error: cannot read file 'strings/obj/${TYPE}/strtok_callee'
Error: cannot read file 'strings/obj/${TYPE}/strtok_r'
Error: cannot read file 'strings/obj/${TYPE}/strtok_r_callee'
Error: cannot read file 'strings/obj/${TYPE}/strupr'
Error: cannot read file 'regex/obj/${TYPE}/regsub'
Error: cannot read file 'regex/obj/${TYPE}/regexp'
Error: cannot read file 'regex/obj/${TYPE}/regerror'
Error: cannot read file 'stdio/ansi/ansifont_f3'
Error: cannot read file 'stdio/ansi/ansifont_f4'
Error: cannot read file 'stdio/ansi/ansifont_f4pack'
Error: cannot read file 'stdio/ansi/ansifont_f5'
Error: cannot read file 'stdio/ansi/ansifont_f6'
Error: cannot read file 'stdio/ansi/ansifont_f8'
Error: cannot read file 'compress/zx7/obj/${TYPE}/dzx7_agile_rcs'
Error: cannot read file 'compress/zx7/obj/${TYPE}/dzx7_agile_rcs_callee'
Error: cannot read file 'compress/zx7/obj/${TYPE}/dzx7_agile_rcs_back'
Error: cannot read file 'compress/zx7/obj/${TYPE}/dzx7_agile_rcs_back_callee'
Error: cannot read file 'compress/zx7/obj/${TYPE}/dzx7_mega'
Error: cannot read file 'compress/zx7/obj/${TYPE}/dzx7_mega_callee'
Error: cannot read file 'compress/zx7/obj/${TYPE}/dzx7_mega_back'
Error: cannot read file 'compress/zx7/obj/${TYPE}/dzx7_mega_back_callee'
Error: cannot read file 'compress/zx7/obj/${TYPE}/dzx7_smart_rcs'
Error: cannot read file 'compress/zx7/obj/${TYPE}/dzx7_smart_rcs_callee'
Error: cannot read file 'compress/zx7/obj/${TYPE}/dzx7_smart_rcs_back'
Error: cannot read file 'compress/zx7/obj/${TYPE}/dzx7_smart_rcs_back_callee'
Error: cannot read file 'compress/zx7/obj/${TYPE}/dzx7_standard'
Error: cannot read file 'compress/zx7/obj/${TYPE}/dzx7_standard_callee'
Error: cannot read file 'compress/zx7/obj/${TYPE}/dzx7_standard_back'
Error: cannot read file 'compress/zx7/obj/${TYPE}/dzx7_standard_back_callee'
Error: cannot read file 'compress/zx7/obj/${TYPE}/dzx7_turbo'
Error: cannot read file 'compress/zx7/obj/${TYPE}/dzx7_turbo_callee'
Error: cannot read file 'compress/zx7/obj/${TYPE}/dzx7_turbo_back'
Error: cannot read file 'compress/zx7/obj/${TYPE}/dzx7_turbo_back_callee'
Error: cannot read file 'compress/zx7/obj/${TYPE}/asm_dzx7_agile_rcs'
Error: cannot read file 'compress/zx7/obj/${TYPE}/asm_dzx7_agile_rcs_back'
Error: cannot read file 'compress/zx7/obj/${TYPE}/asm_dzx7_mega'
Error: cannot read file 'compress/zx7/obj/${TYPE}/asm_dzx7_mega_back'
Error: cannot read file 'compress/zx7/obj/${TYPE}/asm_dzx7_smart_rcs'
Error: cannot read file 'compress/zx7/obj/${TYPE}/asm_dzx7_smart_rcs_back'
Error: cannot read file 'compress/zx7/obj/${TYPE}/asm_dzx7_standard'
Error: cannot read file 'compress/zx7/obj/${TYPE}/asm_dzx7_standard_back'
Error: cannot read file 'compress/zx7/obj/${TYPE}/asm_dzx7_turbo'
Error: cannot read file 'compress/zx7/obj/${TYPE}/asm_dzx7_turbo_back'
Error: cannot read file 'stdlib/obj/${TYPE}/abs'
Error: cannot read file 'stdlib/obj/${TYPE}/atexit'
Error: cannot read file 'stdlib/obj/${TYPE}/atoi'
Error: cannot read file 'stdlib/obj/${TYPE}/atol'
Error: cannot read file 'stdlib/obj/${TYPE}/bpeek'
Error: cannot read file 'stdlib/obj/${TYPE}/bpoke'
Error: cannot read file 'stdlib/obj/${TYPE}/bpoke_callee'
Error: cannot read file 'stdlib/obj/${TYPE}/exit'
Error: cannot read file 'stdlib/obj/${TYPE}/extract_bits'
Error: cannot read file 'stdlib/obj/${TYPE}/extract_bits_callee'
Error: cannot read file 'stdlib/obj/${TYPE}/extract_bits_sub'
Error: cannot read file 'stdlib/obj/${TYPE}/inp'
Error: cannot read file 'stdlib/obj/${TYPE}/isqrt'
Error: cannot read file 'stdlib/obj/${TYPE}/itoa'
Error: cannot read file 'stdlib/obj/${TYPE}/itoa_callee'
Error: cannot read file 'stdlib/obj/${TYPE}/l_bsearch'
Error: cannot read file 'stdlib/obj/${TYPE}/l_bsearch_callee'
Error: cannot read file 'stdlib/obj/${TYPE}/l_qsort'
Error: cannot read file 'stdlib/obj/${TYPE}/l_qsort_callee'
Error: cannot read file 'stdlib/obj/${TYPE}/labs'
Error: cannot read file 'stdlib/obj/${TYPE}/labs_callee'
Error: cannot read file 'stdlib/obj/${TYPE}/Lbsearch'
Error: cannot read file 'stdlib/obj/${TYPE}/Lqsort'
Error: cannot read file 'stdlib/obj/${TYPE}/ltoa'
Error: cannot read file 'stdlib/obj/${TYPE}/ltoa_callee'
Error: cannot read file 'stdlib/obj/${TYPE}/outp'
Error: cannot read file 'stdlib/obj/${TYPE}/outp_callee'
Error: cannot read file 'stdlib/obj/${TYPE}/qsort_sccz80'
Error: cannot read file 'stdlib/obj/${TYPE}/qsort_sccz80_callee'
Error: cannot read file 'stdlib/obj/${TYPE}/qsort_sdcc'
Error: cannot read file 'stdlib/obj/${TYPE}/qsort_sdcc_callee'
Error: cannot read file 'stdlib/obj/${TYPE}/rand'
Error: cannot read file 'stdlib/obj/${TYPE}/randomize'
Error: cannot read file 'stdlib/obj/${TYPE}/strtol'
Error: cannot read file 'stdlib/obj/${TYPE}/strtol_callee'
Error: cannot read file 'stdlib/obj/${TYPE}/strtoul'
Error: cannot read file 'stdlib/obj/${TYPE}/swapendian'
Error: cannot read file 'stdlib/obj/${TYPE}/ultoa'
Error: cannot read file 'stdlib/obj/${TYPE}/ultoa_callee'
Error: cannot read file 'stdlib/obj/${TYPE}/utoa'
Error: cannot read file 'stdlib/obj/${TYPE}/utoa_callee'
Error: cannot read file 'stdlib/obj/${TYPE}/wpeek'
Error: cannot read file 'stdlib/obj/${TYPE}/wpoke'
Error: cannot read file 'stdlib/obj/${TYPE}/wpoke_callee'
Error: cannot read file 'stdlib/obj/${TYPE}/getopt'
Error: cannot read file 'stdlib/obj/${TARGET}/delay'
Error: cannot read file 'stdlib/obj/${TYPE}/t_delay'
Error: cannot read file 'stdlib/obj/${TARGET}/sleep'
Error: cannot read file 'stdlib/obj/${TARGET}/csleep'
Error: cannot read file 'stdlib/obj/${TYPE}/wcmatch'
Error: cannot read file 'stdlib/obj/${TYPE}/unbcd'
Error: cannot read file 'stdio_new/error/stdio_error_zc'
Error: cannot read file 'stdio_new/general/stdio_basechar'
Error: cannot read file 'stdio_new/general/stdio_atou'
Error: cannot read file 'stdio_new/general/stdio_ultoa_any'
Error: cannot read file 'stdio_new/general/stdio_utoa_any'
Error: cannot read file 'strings/obj/${TYPE}/bcmp'
Error: cannot read file 'strings/obj/${TYPE}/bcopy'
Error: cannot read file 'strings/obj/${TYPE}/bzero'
Error: cannot read file 'strings/obj/${TYPE}/index'
Error: cannot read file 'strings/obj/${TYPE}/memchr'
Error: cannot read file 'strings/obj/${TYPE}/memchr_callee'
Error: cannot read file 'strings/obj/${TYPE}/memcmp'
Error: cannot read file 'strings/obj/${TYPE}/memcmp_callee'
Error: cannot read file 'strings/obj/${TYPE}/memcpy'
Error: cannot read file 'strings/obj/${TYPE}/memcpy_callee'
Error: cannot read file 'strings/obj/${TYPE}/memmove'
Error: cannot read file 'strings/obj/${TYPE}/memmove_callee'
Error: cannot read file 'strings/obj/${TYPE}/memopd'
Error: cannot read file 'strings/obj/${TYPE}/memopd_callee'
Error: cannot read file 'strings/obj/${TYPE}/memopi'
Error: cannot read file 'strings/obj/${TYPE}/memopi_callee'
Error: cannot read file 'strings/obj/${TYPE}/memops'
Error: cannot read file 'strings/obj/${TYPE}/memrchr'
Error: cannot read file 'strings/obj/${TYPE}/memrchr_callee'
Error: cannot read file 'strings/obj/${TYPE}/memset'
Error: cannot read file 'strings/obj/${TYPE}/memset_callee'
Error: cannot read file 'strings/obj/${TYPE}/memswap'
Error: cannot read file 'strings/obj/${TYPE}/memswap_callee'
Error: cannot read file 'strings/obj/${TYPE}/rindex'
Error: cannot read file 'strings/obj/${TYPE}/strcasecmp'
Error: cannot read file 'strings/obj/${TYPE}/strcat'
Error: cannot read file 'strings/obj/${TYPE}/strcat_callee'
Error: cannot read file 'strings/obj/${TYPE}/strchr'
Error: cannot read file 'strings/obj/${TYPE}/strchr_callee'
Error: cannot read file 'strings/obj/${TYPE}/strchrnul'
Error: cannot read file 'strings/obj/${TYPE}/strchrnul_callee'
Error: cannot read file 'strings/obj/${TYPE}/strcmp'
Error: cannot read file 'strings/obj/${TYPE}/strcmp_callee'
Error: cannot read file 'strings/obj/${TYPE}/strcpy'
Error: cannot read file 'strings/obj/${TYPE}/strcpy_callee'
Error: cannot read file 'strings/obj/${TYPE}/strcspn'
Error: cannot read file 'strings/obj/${TYPE}/strcspn_callee'
Error: cannot read file 'strings/obj/${TYPE}/stricmp'
Error: cannot read file 'strings/obj/${TYPE}/stricmp_callee'
Error: cannot read file 'strings/obj/${TYPE}/strlcat'
Error: cannot read file 'strings/obj/${TYPE}/strlcat_callee'
Error: cannot read file 'strings/obj/${TYPE}/strlcpy'
Error: cannot read file 'strings/obj/${TYPE}/strlcpy_callee'
Error: cannot read file 'strings/obj/${TYPE}/strlen'
Error: cannot read file 'strings/obj/${TYPE}/strlwr'
Error: cannot read file 'strings/obj/${TYPE}/strncasecmp'
Error: cannot read file 'strings/obj/${TYPE}/strncat'
Error: cannot read file 'strings/obj/${TYPE}/strncat_callee'
Error: cannot read file 'strings/obj/${TYPE}/strncmp'
Error: cannot read file 'strings/obj/${TYPE}/strncmp_callee'
Error: cannot read file 'strings/obj/${TYPE}/strncpy'
Error: cannot read file 'strings/obj/${TYPE}/strncpy_callee'
Error: cannot read file 'strings/obj/${TYPE}/strnicmp'
Error: cannot read file 'strings/obj/${TYPE}/strnicmp_callee'
Error: cannot read file 'strings/obj/${TYPE}/strpbrk'
Error: cannot read file 'strings/obj/${TYPE}/strpbrk_callee'
Error: cannot read file 'strings/obj/${TYPE}/strpos'
Error: cannot read file 'strings/obj/${TYPE}/strpos_callee'
Error: cannot read file 'strings/obj/${TYPE}/strrchr'
Error: cannot read file 'strings/obj/${TYPE}/strrchr_callee'
Error: cannot read file 'strings/obj/${TYPE}/strrev'
Error: cannot read file 'strings/obj/${TYPE}/strrstr'
Error: cannot read file 'strings/obj/${TYPE}/strrstr_callee'
Error: cannot read file 'strings/obj/${TYPE}/strrstrip'
Error: cannot read file 'strings/obj/${TYPE}/strrstrip_callee'
Error: cannot read file 'strings/obj/${TYPE}/strsep'
Error: cannot read file 'strings/obj/${TYPE}/strsep_callee'
Error: cannot read file 'strings/obj/${TYPE}/strspn'
Error: cannot read file 'strings/obj/${TYPE}/strspn_callee'
Error: cannot read file 'strings/obj/${TYPE}/strstr'
Error: cannot read file 'strings/obj/${TYPE}/strstr_callee'
Error: cannot read file 'strings/obj/${TYPE}/strstrip'
Error: cannot read file 'strings/obj/${TYPE}/strstrip_callee'
Error: cannot read file 'strings/obj/${TYPE}/strtok'
Error: cannot read file 'strings/obj/${TYPE}/strtok_callee'
Error: cannot read file 'strings/obj/${TYPE}/strtok_r'
Error: cannot read file 'strings/obj/${TYPE}/strtok_r_callee'
Error: cannot read file 'strings/obj/${TYPE}/strupr'
Error: cannot read file 'regex/obj/${TYPE}/regsub'
Error: cannot read file 'regex/obj/${TYPE}/regexp'
Error: cannot read file 'regex/obj/${TYPE}/regerror'
Error: cannot read file 'stdio/ansi/ansifont_f3'
Error: cannot read file 'stdio/ansi/ansifont_f4'
Error: cannot read file 'stdio/ansi/ansifont_f4pack'
Error: cannot read file 'stdio/ansi/ansifont_f5'
Error: cannot read file 'stdio/ansi/ansifont_f6'
Error: cannot read file 'stdio/ansi/ansifont_f8'
Error: cannot read file 'compress/zx7/obj/${TYPE}/dzx7_agile_rcs'
Error: cannot read file 'compress/zx7/obj/${TYPE}/dzx7_agile_rcs_callee'
Error: cannot read file 'compress/zx7/obj/${TYPE}/dzx7_agile_rcs_back'
Error: cannot read file 'compress/zx7/obj/${TYPE}/dzx7_agile_rcs_back_callee'
Error: cannot read file 'compress/zx7/obj/${TYPE}/dzx7_mega'
Error: cannot read file 'compress/zx7/obj/${TYPE}/dzx7_mega_callee'
Error: cannot read file 'compress/zx7/obj/${TYPE}/dzx7_mega_back'
Error: cannot read file 'compress/zx7/obj/${TYPE}/dzx7_mega_back_callee'
Error: cannot read file 'compress/zx7/obj/${TYPE}/dzx7_smart_rcs'
Error: cannot read file 'compress/zx7/obj/${TYPE}/dzx7_smart_rcs_callee'
Error: cannot read file 'compress/zx7/obj/${TYPE}/dzx7_smart_rcs_back'
Error: cannot read file 'compress/zx7/obj/${TYPE}/dzx7_smart_rcs_back_callee'
Error: cannot read file 'compress/zx7/obj/${TYPE}/dzx7_standard'
Error: cannot read file 'compress/zx7/obj/${TYPE}/dzx7_standard_callee'
Error: cannot read file 'compress/zx7/obj/${TYPE}/dzx7_standard_back'
Error: cannot read file 'compress/zx7/obj/${TYPE}/dzx7_standard_back_callee'
Error: cannot read file 'compress/zx7/obj/${TYPE}/dzx7_turbo'
Error: cannot read file 'compress/zx7/obj/${TYPE}/dzx7_turbo_callee'
Error: cannot read file 'compress/zx7/obj/${TYPE}/dzx7_turbo_back'
Error: cannot read file 'compress/zx7/obj/${TYPE}/dzx7_turbo_back_callee'
Error: cannot read file 'compress/zx7/obj/${TYPE}/asm_dzx7_agile_rcs'
Error: cannot read file 'compress/zx7/obj/${TYPE}/asm_dzx7_agile_rcs_back'
Error: cannot read file 'compress/zx7/obj/${TYPE}/asm_dzx7_mega'
Error: cannot read file 'compress/zx7/obj/${TYPE}/asm_dzx7_mega_back'
Error: cannot read file 'compress/zx7/obj/${TYPE}/asm_dzx7_smart_rcs'
Error: cannot read file 'compress/zx7/obj/${TYPE}/asm_dzx7_smart_rcs_back'
Error: cannot read file 'compress/zx7/obj/${TYPE}/asm_dzx7_standard'
Error: cannot read file 'compress/zx7/obj/${TYPE}/asm_dzx7_standard_back'
Error: cannot read file 'compress/zx7/obj/${TYPE}/asm_dzx7_turbo'
Error: cannot read file 'compress/zx7/obj/${TYPE}/asm_dzx7_turbo_back'
Error: cannot read file 'stdlib/obj/${TYPE}/abs'
Error: cannot read file 'stdlib/obj/${TYPE}/atexit'
Error: cannot read file 'stdlib/obj/${TYPE}/atoi'
Error: cannot read file 'stdlib/obj/${TYPE}/atol'
Error: cannot read file 'stdlib/obj/${TYPE}/bpeek'
Error: cannot read file 'stdlib/obj/${TYPE}/bpoke'
Error: cannot read file 'stdlib/obj/${TYPE}/bpoke_callee'
Error: cannot read file 'stdlib/obj/${TYPE}/exit'
Error: cannot read file 'stdlib/obj/${TYPE}/extract_bits'
Error: cannot read file 'stdlib/obj/${TYPE}/extract_bits_callee'
Error: cannot read file 'stdlib/obj/${TYPE}/extract_bits_sub'
Error: cannot read file 'stdlib/obj/${TYPE}/inp'
Error: cannot read file 'stdlib/obj/${TYPE}/isqrt'
Error: cannot read file 'stdlib/obj/${TYPE}/itoa'
Error: cannot read file 'stdlib/obj/${TYPE}/itoa_callee'
Error: cannot read file 'stdlib/obj/${TYPE}/l_bsearch'
Error: cannot read file 'stdlib/obj/${TYPE}/l_bsearch_callee'
Error: cannot read file 'stdlib/obj/${TYPE}/l_qsort'
Error: cannot read file 'stdlib/obj/${TYPE}/l_qsort_callee'
Error: cannot read file 'stdlib/obj/${TYPE}/labs'
Error: cannot read file 'stdlib/obj/${TYPE}/labs_callee'
Error: cannot read file 'stdlib/obj/${TYPE}/Lbsearch'
Error: cannot read file 'stdlib/obj/${TYPE}/Lqsort'
Error: cannot read file 'stdlib/obj/${TYPE}/ltoa'
Error: cannot read file 'stdlib/obj/${TYPE}/ltoa_callee'
Error: cannot read file 'stdlib/obj/${TYPE}/outp'
Error: cannot read file 'stdlib/obj/${TYPE}/outp_callee'
Error: cannot read file 'stdlib/obj/${TYPE}/qsort_sccz80'
Error: cannot read file 'stdlib/obj/${TYPE}/qsort_sccz80_callee'
Error: cannot read file 'stdlib/obj/${TYPE}/qsort_sdcc'
Error: cannot read file 'stdlib/obj/${TYPE}/qsort_sdcc_callee'
Error: cannot read file 'stdlib/obj/${TYPE}/rand'
Error: cannot read file 'stdlib/obj/${TYPE}/randomize'
Error: cannot read file 'stdlib/obj/${TYPE}/strtol'
Error: cannot read file 'stdlib/obj/${TYPE}/strtol_callee'
Error: cannot read file 'stdlib/obj/${TYPE}/strtoul'
Error: cannot read file 'stdlib/obj/${TYPE}/swapendian'
Error: cannot read file 'stdlib/obj/${TYPE}/ultoa'
Error: cannot read file 'stdlib/obj/${TYPE}/ultoa_callee'
Error: cannot read file 'stdlib/obj/${TYPE}/utoa'
Error: cannot read file 'stdlib/obj/${TYPE}/utoa_callee'
Error: cannot read file 'stdlib/obj/${TYPE}/wpeek'
Error: cannot read file 'stdlib/obj/${TYPE}/wpoke'
Error: cannot read file 'stdlib/obj/${TYPE}/wpoke_callee'
Error: cannot read file 'stdlib/obj/${TYPE}/getopt'
Error: cannot read file 'stdlib/obj/${TARGET}/delay'
Error: cannot read file 'stdlib/obj/${TYPE}/t_delay'
Error: cannot read file 'stdlib/obj/${TARGET}/sleep'
Error: cannot read file 'stdlib/obj/${TARGET}/csleep'
Error: cannot read file 'stdlib/obj/${TYPE}/wcmatch'
Error: cannot read file 'stdlib/obj/${TYPE}/unbcd'
Error: cannot read file 'stdio_new/error/stdio_error_zc'
Error: cannot read file 'stdio_new/general/stdio_basechar'
Error: cannot read file 'stdio_new/general/stdio_atou'
Error: cannot read file 'stdio_new/general/stdio_ultoa_any'
Error: cannot read file 'stdio_new/general/stdio_utoa_any'
Error: cannot read file 'strings/obj/${TYPE}/bcmp'
Error: cannot read file 'strings/obj/${TYPE}/bcopy'
Error: cannot read file 'strings/obj/${TYPE}/bzero'
Error: cannot read file 'strings/obj/${TYPE}/index'
Error: cannot read file 'strings/obj/${TYPE}/memchr'
Error: cannot read file 'strings/obj/${TYPE}/memchr_callee'
Error: cannot read file 'strings/obj/${TYPE}/memcmp'
Error: cannot read file 'strings/obj/${TYPE}/memcmp_callee'
Error: cannot read file 'strings/obj/${TYPE}/memcpy'
Error: cannot read file 'strings/obj/${TYPE}/memcpy_callee'
Error: cannot read file 'strings/obj/${TYPE}/memmove'
Error: cannot read file 'strings/obj/${TYPE}/memmove_callee'
Error: cannot read file 'strings/obj/${TYPE}/memopd'
Error: cannot read file 'strings/obj/${TYPE}/memopd_callee'
Error: cannot read file 'strings/obj/${TYPE}/memopi'
Error: cannot read file 'strings/obj/${TYPE}/memopi_callee'
Error: cannot read file 'strings/obj/${TYPE}/memops'
Error: cannot read file 'strings/obj/${TYPE}/memrchr'
Error: cannot read file 'strings/obj/${TYPE}/memrchr_callee'
Error: cannot read file 'strings/obj/${TYPE}/memset'
Error: cannot read file 'strings/obj/${TYPE}/memset_callee'
Error: cannot read file 'strings/obj/${TYPE}/memswap'
Error: cannot read file 'strings/obj/${TYPE}/memswap_callee'
Error: cannot read file 'strings/obj/${TYPE}/rindex'
Error: cannot read file 'strings/obj/${TYPE}/strcasecmp'
Error: cannot read file 'strings/obj/${TYPE}/strcat'
Error: cannot read file 'strings/obj/${TYPE}/strcat_callee'
Error: cannot read file 'strings/obj/${TYPE}/strchr'
Error: cannot read file 'strings/obj/${TYPE}/strchr_callee'
Error: cannot read file 'strings/obj/${TYPE}/strchrnul'
Error: cannot read file 'strings/obj/${TYPE}/strchrnul_callee'
Error: cannot read file 'strings/obj/${TYPE}/strcmp'
Error: cannot read file 'strings/obj/${TYPE}/strcmp_callee'
Error: cannot read file 'strings/obj/${TYPE}/strcpy'
Error: cannot read file 'strings/obj/${TYPE}/strcpy_callee'
Error: cannot read file 'strings/obj/${TYPE}/strcspn'
Error: cannot read file 'strings/obj/${TYPE}/strcspn_callee'
Error: cannot read file 'strings/obj/${TYPE}/stricmp'
Error: cannot read file 'strings/obj/${TYPE}/stricmp_callee'
Error: cannot read file 'strings/obj/${TYPE}/strlcat'
Error: cannot read file 'strings/obj/${TYPE}/strlcat_callee'
Error: cannot read file 'strings/obj/${TYPE}/strlcpy'
Error: cannot read file 'strings/obj/${TYPE}/strlcpy_callee'
Error: cannot read file 'strings/obj/${TYPE}/strlen'
Error: cannot read file 'strings/obj/${TYPE}/strlwr'
Error: cannot read file 'strings/obj/${TYPE}/strncasecmp'
Error: cannot read file 'strings/obj/${TYPE}/strncat'
Error: cannot read file 'strings/obj/${TYPE}/strncat_callee'
Error: cannot read file 'strings/obj/${TYPE}/strncmp'
Error: cannot read file 'strings/obj/${TYPE}/strncmp_callee'
Error: cannot read file 'strings/obj/${TYPE}/strncpy'
Error: cannot read file 'strings/obj/${TYPE}/strncpy_callee'
Error: cannot read file 'strings/obj/${TYPE}/strnicmp'
Error: cannot read file 'strings/obj/${TYPE}/strnicmp_callee'
Error: cannot read file 'strings/obj/${TYPE}/strpbrk'
Error: cannot read file 'strings/obj/${TYPE}/strpbrk_callee'
Error: cannot read file 'strings/obj/${TYPE}/strpos'
Error: cannot read file 'strings/obj/${TYPE}/strpos_callee'
Error: cannot read file 'strings/obj/${TYPE}/strrchr'
Error: cannot read file 'strings/obj/${TYPE}/strrchr_callee'
Error: cannot read file 'strings/obj/${TYPE}/strrev'
Error: cannot read file 'strings/obj/${TYPE}/strrstr'
Error: cannot read file 'strings/obj/${TYPE}/strrstr_callee'
Error: cannot read file 'strings/obj/${TYPE}/strrstrip'
Error: cannot read file 'strings/obj/${TYPE}/strrstrip_callee'
Error: cannot read file 'strings/obj/${TYPE}/strsep'
Error: cannot read file 'strings/obj/${TYPE}/strsep_callee'
Error: cannot read file 'strings/obj/${TYPE}/strspn'
Error: cannot read file 'strings/obj/${TYPE}/strspn_callee'
Error: cannot read file 'strings/obj/${TYPE}/strstr'
Error: cannot read file 'strings/obj/${TYPE}/strstr_callee'
Error: cannot read file 'strings/obj/${TYPE}/strstrip'
Error: cannot read file 'strings/obj/${TYPE}/strstrip_callee'
Error: cannot read file 'strings/obj/${TYPE}/strtok'
Error: cannot read file 'strings/obj/${TYPE}/strtok_callee'
Error: cannot read file 'strings/obj/${TYPE}/strtok_r'
Error: cannot read file 'strings/obj/${TYPE}/strtok_r_callee'
Error: cannot read file 'strings/obj/${TYPE}/strupr'
Error: cannot read file 'regex/obj/${TYPE}/regsub'
Error: cannot read file 'regex/obj/${TYPE}/regexp'
Error: cannot read file 'regex/obj/${TYPE}/regerror'
Error: cannot read file 'stdio/ansi/ansifont_f3'
Error: cannot read file 'stdio/ansi/ansifont_f4'
Error: cannot read file 'stdio/ansi/ansifont_f4pack'
Error: cannot read file 'stdio/ansi/ansifont_f5'
Error: cannot read file 'stdio/ansi/ansifont_f6'
Error: cannot read file 'stdio/ansi/ansifont_f8'
Error: cannot read file 'compress/zx7/obj/${TYPE}/dzx7_agile_rcs'
Error: cannot read file 'compress/zx7/obj/${TYPE}/dzx7_agile_rcs_callee'
Error: cannot read file 'compress/zx7/obj/${TYPE}/dzx7_agile_rcs_back'
Error: cannot read file 'compress/zx7/obj/${TYPE}/dzx7_agile_rcs_back_callee'
Error: cannot read file 'compress/zx7/obj/${TYPE}/dzx7_mega'
Error: cannot read file 'compress/zx7/obj/${TYPE}/dzx7_mega_callee'
Error: cannot read file 'compress/zx7/obj/${TYPE}/dzx7_mega_back'
Error: cannot read file 'compress/zx7/obj/${TYPE}/dzx7_mega_back_callee'
Error: cannot read file 'compress/zx7/obj/${TYPE}/dzx7_smart_rcs'
Error: cannot read file 'compress/zx7/obj/${TYPE}/dzx7_smart_rcs_callee'
Error: cannot read file 'compress/zx7/obj/${TYPE}/dzx7_smart_rcs_back'
Error: cannot read file 'compress/zx7/obj/${TYPE}/dzx7_smart_rcs_back_callee'
Error: cannot read file 'compress/zx7/obj/${TYPE}/dzx7_standard'
Error: cannot read file 'compress/zx7/obj/${TYPE}/dzx7_standard_callee'
Error: cannot read file 'compress/zx7/obj/${TYPE}/dzx7_standard_back'
Error: cannot read file 'compress/zx7/obj/${TYPE}/dzx7_standard_back_callee'
Error: cannot read file 'compress/zx7/obj/${TYPE}/dzx7_turbo'
Error: cannot read file 'compress/zx7/obj/${TYPE}/dzx7_turbo_callee'
Error: cannot read file 'compress/zx7/obj/${TYPE}/dzx7_turbo_back'
Error: cannot read file 'compress/zx7/obj/${TYPE}/dzx7_turbo_back_callee'
Error: cannot read file 'compress/zx7/obj/${TYPE}/asm_dzx7_agile_rcs'
Error: cannot read file 'compress/zx7/obj/${TYPE}/asm_dzx7_agile_rcs_back'
Error: cannot read file 'compress/zx7/obj/${TYPE}/asm_dzx7_mega'
Error: cannot read file 'compress/zx7/obj/${TYPE}/asm_dzx7_mega_back'
Error: cannot read file 'compress/zx7/obj/${TYPE}/asm_dzx7_smart_rcs'
Error: cannot read file 'compress/zx7/obj/${TYPE}/asm_dzx7_smart_rcs_back'
Error: cannot read file 'compress/zx7/obj/${TYPE}/asm_dzx7_standard'
Error: cannot read file 'compress/zx7/obj/${TYPE}/asm_dzx7_standard_back'
Error: cannot read file 'compress/zx7/obj/${TYPE}/asm_dzx7_turbo'
Error: cannot read file 'compress/zx7/obj/${TYPE}/asm_dzx7_turbo_back'
